2025-02-21 00:07:40.710120: Error in predict_match: name 'pd' is not defined
2025-02-22 14:56:00.910759: Error in load_match_data: HTTP Error 404: Not Found
2025-02-22 14:56:51.331600: Error in load_match_data: HTTP Error 404: Not Found
2025-02-22 14:58:18.775782: Error in load_match_data: HTTP Error 404: Not Found
2025-02-22 14:58:42.147554: Error in load_match_data: HTTP Error 404: Not Found
2025-02-22 15:42:14.560418: Error in load_match_data: [Errno 22] Invalid argument: '\\data\raw\\englandcsv.csv'
2025-02-22 15:44:26.437101: Error in load_match_data: [Errno 2] No such file or directory: '/data/raw/englandcsv.csv'
2025-02-23 15:38:06.683497: Error in print_previous_matchups: 'home_team'
2025-02-23 15:38:15.321170: Error in print_previous_matchups: 'home_team'
2025-02-23 15:38:35.702411: Error in print_previous_matchups: 'home_team'
2025-02-23 15:43:36.033102: Error in print_previous_matchups: 'home_team'
2025-02-23 15:43:46.940475: Error in print_previous_matchups: 'home_team'
2025-02-23 15:52:09.659552: Error in print_previous_matchups: 'home_team'
2025-02-23 15:52:23.788069: Error in print_previous_matchups: 'home_team'
2025-02-23 15:52:37.870307: Error in print_previous_matchups: 'home_team'
2025-02-23 15:52:47.672616: Error in print_previous_matchups: 'home_team'
2025-02-23 16:54:52.238344: Error in print_previous_matchups: 'home_team'
2025-02-23 19:31:05.941899: Error in print_previous_matchups: 'home_team'
2025-02-23 23:57:40.774149: Error in print_previous_matchups: 'home_team'
2025-02-23 23:57:56.651717: Error in print_previous_matchups: 'home_team'
2025-02-24 00:07:06.555523: Error in print_previous_matchups: 'home_team'
2025-02-24 00:07:07.205520: Error in print_previous_matchups: 'home_team'
2025-02-24 00:07:20.116582: Error in print_previous_matchups: 'home_team'
2025-02-24 00:07:39.869817: Error in print_previous_matchups: 'home_team'
2025-02-24 00:10:03.674134: Error in print_previous_matchups: 'home_team'
2025-02-24 00:10:26.455853: Error in print_previous_matchups: 'home_team'
2025-02-24 00:11:24.213129: Error in print_previous_matchups: 'home_team'
2025-02-24 00:11:44.743656: Error in print_previous_matchups: 'home_team'
2025-02-24 00:11:55.808936: Error in print_previous_matchups: 'home_team'
2025-02-24 00:24:08.615689: Error in print_previous_matchups: 'home_team'
2025-02-24 00:24:26.660328: Error in print_previous_matchups: 'home_team'
2025-02-24 00:29:31.475704: Error in print_previous_matchups: 'home_team'
2025-02-24 00:29:52.113500: Error in print_previous_matchups: 'home_team'
2025-02-24 00:30:51.312493: Error in print_previous_matchups: 'home_team'
2025-02-24 00:34:18.884682: Error in print_previous_matchups: 'home_team'
